2024-08-13 10:24:47,849 - CAPIF Register - INFO - Initializing CAPIF Register
2024-08-13 10:24:47,854 - CAPIF Register - INFO - Logging in to CAPIF
2024-08-13 10:24:47,855 - CAPIF Register - ERROR - Error during login to CAPIF: 'capif_register_url'
2024-08-13 10:28:08,505 - CAPIF Register - INFO - Initializing CAPIF Register
2024-08-13 10:28:08,506 - CAPIF Register - INFO - Logging in to CAPIF
2024-08-13 10:28:08,614 - CAPIF Register - ERROR - Error during login to CAPIF: 502 Server Error: Bad Gateway for url: https://localhost/login
2024-08-13 10:31:43,653 - CAPIF Register - INFO - Initializing CAPIF Register
2024-08-13 10:31:43,658 - CAPIF Register - INFO - Logging in to CAPIF
2024-08-13 10:32:11,653 - CAPIF Register - INFO - Initializing CAPIF Register
2024-08-13 10:32:11,655 - CAPIF Register - INFO - Logging in to CAPIF
2024-08-13 10:32:11,806 - CAPIF Register - INFO - Logged in to CAPIF successfully
2024-08-13 10:33:08,344 - CAPIF Register - INFO - Initializing CAPIF Register
2024-08-13 10:33:08,346 - CAPIF Register - INFO - Logging in to CAPIF
2024-08-13 10:33:08,440 - CAPIF Register - INFO - Logged in to CAPIF successfully
2024-08-13 10:33:08,440 - CAPIF Register - INFO - Creating user in CAPIF
2024-08-13 10:33:08,476 - CAPIF Register - INFO - User created successfully
2024-08-13 10:33:08,477 - CAPIF Register - INFO - f57b4e29-689d-5161-94fa-33aa0b4fa2eb
2024-08-13 10:33:59,222 - CAPIF Register - INFO - Initializing CAPIF Register
2024-08-13 10:33:59,224 - CAPIF Register - INFO - Logging in to CAPIF
2024-08-13 10:33:59,293 - CAPIF Register - INFO - Logged in to CAPIF successfully
2024-08-13 10:33:59,293 - CAPIF Register - INFO - Creating user in CAPIF
2024-08-13 10:33:59,324 - CAPIF Register - INFO - User created successfully
2024-08-13 10:33:59,324 - CAPIF Register - INFO - d76d18c8-9b3c-5ad0-9c53-a7a49d23261a
2024-08-13 10:37:08,544 - CAPIF Register - INFO - Initializing CAPIF Register
2024-08-13 10:37:08,546 - CAPIF Register - INFO - Logging in to CAPIF
2024-08-13 10:37:08,621 - CAPIF Register - INFO - Logged in to CAPIF successfully
2024-08-13 10:37:08,621 - CAPIF Register - INFO - Creating user in CAPIF
2024-08-13 10:37:08,646 - CAPIF Register - ERROR - Error during user creation in CAPIF: 409 Client Error: CONFLICT for url: https://localhost:8084/createUser
2024-08-13 10:51:14,019 - CAPIF Register - INFO - Initializing CAPIF Register
2024-08-13 10:51:14,021 - CAPIF Register - INFO - Logging in to CAPIF
2024-08-13 10:51:14,144 - CAPIF Register - INFO - Logged in to CAPIF successfully
2024-08-13 10:51:14,144 - CAPIF Register - INFO - Creating user in CAPIF
2024-08-13 10:51:14,190 - CAPIF Register - INFO - User created successfully
2024-08-13 10:51:14,190 - CAPIF Register - INFO - Saving uuid in config.json
2024-08-13 10:51:36,970 - CAPIF Register - INFO - Initializing CAPIF Register
2024-08-13 10:51:36,970 - CAPIF Register - INFO - Logging in to CAPIF
2024-08-13 10:51:37,026 - CAPIF Register - INFO - Logged in to CAPIF successfully
2024-08-13 10:51:37,026 - CAPIF Register - INFO - Creating user in CAPIF
2024-08-13 10:51:37,049 - CAPIF Register - ERROR - Error during user creation in CAPIF: 409 Client Error: CONFLICT for url: https://localhost:8084/createUser
2024-08-13 10:51:46,792 - CAPIF Register - INFO - Initializing CAPIF Register
2024-08-13 10:51:46,792 - CAPIF Register - INFO - Logging in to CAPIF
2024-08-13 10:51:46,849 - CAPIF Register - INFO - Logged in to CAPIF successfully
2024-08-13 10:51:46,849 - CAPIF Register - INFO - Creating user in CAPIF
2024-08-13 10:51:46,876 - CAPIF Register - INFO - User created successfully
2024-08-13 10:51:46,876 - CAPIF Register - INFO - Saving uuid in config.json
2024-08-13 10:51:46,881 - CAPIF Register - INFO - Data saved
2024-08-13 10:51:46,881 - CAPIF Register - INFO - e2d54cf8-c3e0-5939-8957-2a55ea5bdba9
2024-08-13 11:05:27,518 - CAPIF Register - INFO - Initializing CAPIF Register
2024-08-13 11:05:27,524 - CAPIF Register - INFO - Logging in to CAPIF
2024-08-13 11:05:27,599 - CAPIF Register - INFO - Logged in to CAPIF successfully
2024-08-13 11:05:27,599 - CAPIF Register - INFO - Creating user in CAPIF
2024-08-13 11:05:27,632 - CAPIF Register - INFO - User created successfully
2024-08-13 11:05:27,632 - CAPIF Register - INFO - Saving uuid in config.json
2024-08-13 11:05:27,635 - CAPIF Register - INFO - Data saved
2024-08-13 11:05:27,635 - CAPIF Register - INFO - 9d83a4de-103c-5b40-8bb0-bc18ce474d39
2024-08-13 11:19:59,289 - CAPIF Register - INFO - Initializing CAPIF Register
2024-08-13 11:19:59,290 - CAPIF Register - INFO - Logging in to CAPIF
2024-08-13 11:19:59,359 - CAPIF Register - INFO - Logged in to CAPIF successfully
2024-08-13 11:19:59,360 - CAPIF Register - INFO - Creating user in CAPIF
2024-08-13 11:19:59,388 - CAPIF Register - INFO - User created successfully
2024-08-13 11:19:59,389 - CAPIF Register - INFO - Saving uuid in config.json
2024-08-13 11:19:59,390 - CAPIF Register - INFO - Data saved
2024-08-13 11:19:59,390 - CAPIF Register - INFO - f75efe6a-5dd4-523c-8f4b-3dee419d6f89
2024-08-13 12:00:34,905 - CAPIF Register - INFO - Initializing CAPIF Register
2024-08-13 12:00:34,906 - CAPIF Register - INFO - Logging in to CAPIF
2024-08-13 12:00:34,985 - CAPIF Register - INFO - Logged in to CAPIF successfully
2024-08-13 12:00:34,986 - CAPIF Register - INFO - Creating user in CAPIF
2024-08-13 12:00:35,054 - CAPIF Register - INFO - User created successfully
2024-08-13 12:00:35,054 - CAPIF Register - INFO - Saving uuid in config.json
2024-08-13 12:00:35,056 - CAPIF Register - INFO - Data saved
2024-08-13 12:00:35,057 - CAPIF Register - INFO - f75efe6a-5dd4-523c-8f4b-3dee419d6f89
2024-08-13 12:05:19,914 - CAPIF Register - INFO - Initializing CAPIF Register
2024-08-13 12:05:19,920 - CAPIF Register - INFO - Logging in to CAPIF
2024-08-13 12:05:20,033 - CAPIF Register - INFO - Logged in to CAPIF successfully
2024-08-13 12:05:20,033 - CAPIF Register - INFO - Creating user in CAPIF
2024-08-13 12:05:20,068 - CAPIF Register - INFO - User created successfully
2024-08-13 12:05:20,068 - CAPIF Register - INFO - Saving uuid in config.json
2024-08-13 12:05:20,070 - CAPIF Register - INFO - Data saved
2024-08-13 12:05:20,071 - CAPIF Register - INFO - 9d83a4de-103c-5b40-8bb0-bc18ce474d39
2024-08-13 12:06:18,668 - CAPIF Register - INFO - Initializing CAPIF Register
2024-08-13 12:06:18,668 - CAPIF Register - INFO - Logging in to CAPIF
2024-08-13 12:06:18,727 - CAPIF Register - INFO - Logged in to CAPIF successfully
2024-08-13 12:06:18,727 - CAPIF Register - INFO - Deleting CAPIF user
2024-08-13 12:07:41,878 - CAPIF Register - INFO - Initializing CAPIF Register
2024-08-13 12:07:41,879 - CAPIF Register - INFO - Logging in to CAPIF
2024-08-13 12:07:41,932 - CAPIF Register - INFO - Logged in to CAPIF successfully
2024-08-13 12:07:41,932 - CAPIF Register - INFO - Deleting CAPIF user
2024-08-13 12:07:41,989 - CAPIF Register - INFO - User deleted
2024-08-13 12:07:41,989 - CAPIF Register - INFO - User eliminated succesfully
2024-08-13 12:09:16,580 - CAPIF Register - INFO - Initializing CAPIF Register
2024-08-13 12:09:16,580 - CAPIF Register - INFO - Logging in to CAPIF
2024-08-13 12:09:16,639 - CAPIF Register - INFO - Logged in to CAPIF successfully
2024-08-13 12:09:16,639 - CAPIF Register - INFO - Deleting CAPIF user
2024-08-13 12:09:16,717 - CAPIF Register - INFO - User deleted
2024-08-13 12:09:16,717 - CAPIF Register - INFO - User eliminated succesfully
2024-08-13 13:21:51,658 - CAPIF Register - INFO - Initializing CAPIF Register
2024-08-13 13:21:51,659 - CAPIF Register - INFO - Logging in to CAPIF
2024-08-13 13:21:51,748 - CAPIF Register - INFO - Logged in to CAPIF successfully
2024-08-13 13:21:51,749 - CAPIF Register - INFO - Creating user in CAPIF
2024-08-13 13:21:51,779 - CAPIF Register - INFO - User created successfully
2024-08-13 13:21:51,779 - CAPIF Register - INFO - Saving uuid in config.json
2024-08-13 13:21:51,781 - CAPIF Register - INFO - Data saved
2024-08-13 13:21:51,781 - CAPIF Register - INFO - f75efe6a-5dd4-523c-8f4b-3dee419d6f89
2024-08-13 13:36:33,575 - CAPIF Register - INFO - Initializing CAPIF Register
2024-08-13 13:36:33,577 - CAPIF Register - INFO - Logging in to CAPIF
2024-08-13 13:36:33,639 - CAPIF Register - INFO - Logged in to CAPIF successfully
2024-08-13 13:36:33,639 - CAPIF Register - INFO - Deleting CAPIF user
2024-08-13 13:36:33,720 - CAPIF Register - INFO - User deleted
2024-08-13 13:36:33,720 - CAPIF Register - INFO - User eliminated succesfully
2024-08-13 13:36:42,924 - CAPIF Register - INFO - Initializing CAPIF Register
2024-08-13 13:36:42,925 - CAPIF Register - INFO - Logging in to CAPIF
2024-08-13 13:36:42,980 - CAPIF Register - INFO - Logged in to CAPIF successfully
2024-08-13 13:36:42,980 - CAPIF Register - INFO - Creating user in CAPIF
2024-08-13 13:36:43,005 - CAPIF Register - INFO - User created successfully
2024-08-13 13:36:43,006 - CAPIF Register - INFO - Saving uuid in config.json
2024-08-13 13:36:43,009 - CAPIF Register - INFO - Data saved
2024-08-13 13:36:43,009 - CAPIF Register - INFO - f75efe6a-5dd4-523c-8f4b-3dee419d6f89
2024-08-14 09:27:42,099 - CAPIF Register - INFO - Initializing CAPIF Register
2024-08-14 09:27:42,100 - CAPIF Register - INFO - Logging in to CAPIF
2024-08-14 09:27:42,438 - CAPIF Register - INFO - Logged in to CAPIF successfully
2024-08-14 09:27:42,438 - CAPIF Register - INFO - Creating user in CAPIF
2024-08-14 09:27:42,500 - CAPIF Register - INFO - User created successfully
2024-08-14 09:27:42,500 - CAPIF Register - INFO - Saving uuid in config.json
2024-08-14 09:27:42,502 - CAPIF Register - INFO - Data saved
2024-08-14 09:27:42,502 - CAPIF Register - INFO - 9d83a4de-103c-5b40-8bb0-bc18ce474d39
2024-08-14 09:29:31,242 - CAPIF Register - INFO - Initializing CAPIF Register
2024-08-14 09:29:31,243 - CAPIF Register - INFO - Logging in to CAPIF
2024-08-14 09:29:31,341 - CAPIF Register - INFO - Logged in to CAPIF successfully
2024-08-14 09:29:31,341 - CAPIF Register - INFO - Deleting CAPIF user
2024-08-14 09:29:31,469 - CAPIF Register - INFO - User deleted
2024-08-14 09:29:31,469 - CAPIF Register - INFO - User eliminated succesfully
2024-08-14 10:24:34,228 - CAPIF Register - INFO - Initializing CAPIF Register
2024-08-14 10:24:34,229 - CAPIF Register - INFO - Logging in to CAPIF
2024-08-14 10:24:34,333 - CAPIF Register - INFO - Logged in to CAPIF successfully
2024-08-14 10:24:34,333 - CAPIF Register - INFO - Creating user in CAPIF
2024-08-14 10:24:34,361 - CAPIF Register - INFO - User created successfully
2024-08-14 10:24:34,362 - CAPIF Register - INFO - Saving uuid in config.json
2024-08-14 10:24:34,367 - CAPIF Register - INFO - Data saved
2024-08-14 10:24:34,367 - CAPIF Register - INFO - f75efe6a-5dd4-523c-8f4b-3dee419d6f89
2024-08-14 10:49:20,529 - CAPIF Register - INFO - Initializing CAPIF Register
2024-08-14 10:49:20,530 - CAPIF Register - INFO - Logging in to CAPIF
2024-08-14 10:49:20,722 - CAPIF Register - INFO - Logged in to CAPIF successfully
2024-08-14 10:49:20,722 - CAPIF Register - INFO - Creating user in CAPIF
2024-08-14 10:49:20,759 - CAPIF Register - INFO - User created successfully
2024-08-14 10:49:20,759 - CAPIF Register - INFO - Saving uuid in config.json
2024-08-14 10:49:20,767 - CAPIF Register - INFO - Data saved
2024-08-14 10:49:20,767 - CAPIF Register - INFO - 5b8cb92e-6ade-564f-b187-6966b4626c1d
2024-08-14 12:38:18,858 - CAPIF Register - INFO - Initializing CAPIF Register
2024-08-14 12:38:18,858 - CAPIF Register - INFO - Logging in to CAPIF
2024-08-14 12:38:18,976 - CAPIF Register - INFO - Logged in to CAPIF successfully
2024-08-14 12:38:18,976 - CAPIF Register - INFO - Creating user in CAPIF
2024-08-14 12:38:19,028 - CAPIF Register - INFO - User created successfully
2024-08-14 12:38:19,029 - CAPIF Register - INFO - Saving uuid in config.json
2024-08-14 12:38:19,031 - CAPIF Register - INFO - Data saved
2024-08-14 12:38:19,031 - CAPIF Register - INFO - ad190e5c-358c-5bcd-8d31-709fc0567dcc
2024-08-14 13:30:20,065 - CAPIF Register - INFO - Initializing CAPIF Register
2024-08-14 13:30:20,066 - CAPIF Register - INFO - Logging in to CAPIF
2024-08-14 13:30:20,295 - CAPIF Register - INFO - Logged in to CAPIF successfully
2024-08-14 13:30:20,295 - CAPIF Register - INFO - Creating user in CAPIF
2024-08-14 13:30:20,369 - CAPIF Register - INFO - User created successfully
2024-08-14 13:30:20,369 - CAPIF Register - INFO - Saving uuid in config.json
2024-08-14 13:30:20,377 - CAPIF Register - INFO - Data saved
2024-08-14 13:30:20,377 - CAPIF Register - INFO - 5b8cb92e-6ade-564f-b187-6966b4626c1d
2024-08-14 13:33:25,504 - CAPIF Register - INFO - Initializing CAPIF Register
2024-08-14 13:33:25,505 - CAPIF Register - INFO - Logging in to CAPIF
2024-08-14 13:33:25,591 - CAPIF Register - INFO - Logged in to CAPIF successfully
2024-08-14 13:33:25,592 - CAPIF Register - INFO - Creating user in CAPIF
2024-08-14 13:33:25,621 - CAPIF Register - INFO - User created successfully
2024-08-14 13:33:25,621 - CAPIF Register - INFO - Saving uuid in config.json
2024-08-14 13:33:25,625 - CAPIF Register - INFO - Data saved
2024-08-14 13:33:25,625 - CAPIF Register - INFO - ad190e5c-358c-5bcd-8d31-709fc0567dcc
2024-08-16 09:22:12,303 - CAPIF Register - INFO - Initializing CAPIF Register
2024-08-16 09:22:12,324 - CAPIF Register - INFO - Logging in to CAPIF
2024-08-16 09:22:12,599 - CAPIF Register - INFO - Logged in to CAPIF successfully
2024-08-16 09:22:12,599 - CAPIF Register - INFO - Creating user in CAPIF
2024-08-16 09:22:12,683 - CAPIF Register - INFO - User created successfully
2024-08-16 09:22:12,683 - CAPIF Register - INFO - Saving uuid in config.json
2024-08-16 09:22:12,685 - CAPIF Register - INFO - Data saved
2024-08-16 09:22:12,685 - CAPIF Register - INFO - 5b8cb92e-6ade-564f-b187-6966b4626c1d
2024-08-16 09:25:39,176 - CAPIF Register - INFO - Initializing CAPIF Register
2024-08-16 09:25:39,177 - CAPIF Register - INFO - Logging in to CAPIF
2024-08-16 09:25:39,358 - CAPIF Register - INFO - Logged in to CAPIF successfully
2024-08-16 09:25:39,358 - CAPIF Register - INFO - Creating user in CAPIF
2024-08-16 09:25:39,408 - CAPIF Register - INFO - User created successfully
2024-08-16 09:25:39,408 - CAPIF Register - INFO - Saving uuid in config.json
2024-08-16 09:25:39,410 - CAPIF Register - INFO - Data saved
2024-08-16 09:25:39,411 - CAPIF Register - INFO - ad190e5c-358c-5bcd-8d31-709fc0567dcc
2024-08-16 11:42:40,264 - CAPIF Register - INFO - Initializing CAPIF Register
2024-08-16 11:42:40,273 - CAPIF Register - INFO - Logging in to CAPIF
2024-08-16 11:42:40,550 - CAPIF Register - INFO - Logged in to CAPIF successfully
2024-08-16 11:42:40,551 - CAPIF Register - INFO - Creating user in CAPIF
2024-08-16 11:42:40,690 - CAPIF Register - INFO - User created successfully
2024-08-16 11:42:40,691 - CAPIF Register - INFO - Saving uuid in config.json
2024-08-16 11:42:40,693 - CAPIF Register - INFO - Data saved
2024-08-16 11:42:40,694 - CAPIF Register - INFO - 5b8cb92e-6ade-564f-b187-6966b4626c1d
2024-08-16 11:44:26,029 - CAPIF Register - INFO - Initializing CAPIF Register
2024-08-16 11:44:26,031 - CAPIF Register - INFO - Logging in to CAPIF
2024-08-16 11:44:26,158 - CAPIF Register - INFO - Logged in to CAPIF successfully
2024-08-16 11:44:26,158 - CAPIF Register - INFO - Creating user in CAPIF
2024-08-16 11:44:26,211 - CAPIF Register - INFO - User created successfully
2024-08-16 11:44:26,211 - CAPIF Register - INFO - Saving uuid in config.json
2024-08-16 11:44:26,214 - CAPIF Register - INFO - Data saved
2024-08-16 11:44:26,214 - CAPIF Register - INFO - ad190e5c-358c-5bcd-8d31-709fc0567dcc
2024-08-20 09:54:33,183 - CAPIF Register - INFO - Initializing CAPIF Register
2024-08-20 09:54:33,185 - CAPIF Register - INFO - Logging in to CAPIF
2024-08-20 09:54:33,534 - CAPIF Register - INFO - Logged in to CAPIF successfully
2024-08-20 09:54:33,534 - CAPIF Register - INFO - Creating user in CAPIF
2024-08-20 09:54:33,636 - CAPIF Register - INFO - User created successfully
2024-08-20 09:54:33,636 - CAPIF Register - INFO - Saving uuid in config.json
2024-08-20 09:54:33,638 - CAPIF Register - INFO - Data saved
2024-08-20 09:54:33,638 - CAPIF Register - INFO - ad190e5c-358c-5bcd-8d31-709fc0567dcc
2024-08-20 09:57:06,673 - CAPIF Register - INFO - Initializing CAPIF Register
2024-08-20 09:57:06,679 - CAPIF Register - INFO - Logging in to CAPIF
2024-08-20 09:57:06,744 - CAPIF Register - INFO - Logged in to CAPIF successfully
2024-08-20 09:57:06,744 - CAPIF Register - INFO - Creating user in CAPIF
2024-08-20 09:57:06,775 - CAPIF Register - INFO - User created successfully
2024-08-20 09:57:06,775 - CAPIF Register - INFO - Saving uuid in config.json
2024-08-20 09:57:06,777 - CAPIF Register - INFO - Data saved
2024-08-20 09:57:06,778 - CAPIF Register - INFO - 35204f04-5983-5f99-a352-7b283d0f6a5a
2024-08-20 10:23:06,387 - CAPIF Register - INFO - Initializing CAPIF Register
2024-08-20 10:23:06,388 - CAPIF Register - INFO - Logging in to CAPIF
2024-08-20 10:23:06,461 - CAPIF Register - INFO - Logged in to CAPIF successfully
2024-08-20 10:23:06,461 - CAPIF Register - INFO - Creating user in CAPIF
2024-08-20 10:23:06,492 - CAPIF Register - INFO - User created successfully
2024-08-20 10:23:06,492 - CAPIF Register - INFO - Saving uuid in config.json
2024-08-20 10:23:06,501 - CAPIF Register - INFO - Data saved
2024-08-20 10:23:06,502 - CAPIF Register - INFO - 9075726b-2896-5c7c-8f4d-62ac90e2006d
2024-08-20 10:48:54,178 - CAPIF Register - INFO - Initializing CAPIF Register
2024-08-20 10:48:54,180 - CAPIF Register - INFO - Logging in to CAPIF
2024-08-20 10:48:54,517 - CAPIF Register - INFO - Logged in to CAPIF successfully
2024-08-20 10:48:54,518 - CAPIF Register - INFO - Creating user in CAPIF
2024-08-20 10:48:54,617 - CAPIF Register - INFO - User created successfully
2024-08-20 10:48:54,618 - CAPIF Register - INFO - Saving uuid in config.json
2024-08-20 10:48:54,621 - CAPIF Register - INFO - Data saved
2024-08-20 10:48:54,621 - CAPIF Register - INFO - 9075726b-2896-5c7c-8f4d-62ac90e2006d
2024-08-20 10:52:36,051 - CAPIF Register - INFO - Initializing CAPIF Register
2024-08-20 10:52:36,052 - CAPIF Register - INFO - Logging in to CAPIF
2024-08-20 10:52:36,114 - CAPIF Register - INFO - Logged in to CAPIF successfully
2024-08-20 10:52:36,114 - CAPIF Register - INFO - Creating user in CAPIF
2024-08-20 10:52:36,140 - CAPIF Register - INFO - User created successfully
2024-08-20 10:52:36,141 - CAPIF Register - INFO - Saving uuid in config.json
2024-08-20 10:52:36,143 - CAPIF Register - INFO - Data saved
2024-08-20 10:52:36,143 - CAPIF Register - INFO - 35204f04-5983-5f99-a352-7b283d0f6a5a
2024-08-21 11:09:55,927 - CAPIF Register - INFO - Initializing CAPIF Register
2024-08-21 11:09:55,929 - CAPIF Register - INFO - Logging in to CAPIF
2024-08-21 11:09:56,345 - CAPIF Register - INFO - Logged in to CAPIF successfully
2024-08-21 11:09:56,345 - CAPIF Register - INFO - Creating user in CAPIF
2024-08-21 11:09:56,406 - CAPIF Register - INFO - User created successfully
2024-08-21 11:09:56,406 - CAPIF Register - INFO - Saving uuid in config.json
2024-08-21 11:09:56,408 - CAPIF Register - INFO - Data saved
2024-08-21 11:09:56,409 - CAPIF Register - INFO - 9075726b-2896-5c7c-8f4d-62ac90e2006d
2024-08-21 12:23:23,216 - CAPIF Register - INFO - Initializing CAPIF Register
2024-08-21 12:23:23,217 - CAPIF Register - INFO - Logging in to CAPIF
2024-08-21 12:23:23,295 - CAPIF Register - INFO - Logged in to CAPIF successfully
2024-08-21 12:23:23,295 - CAPIF Register - INFO - Creating user in CAPIF
2024-08-21 12:23:23,331 - CAPIF Register - INFO - User created successfully
2024-08-21 12:23:23,331 - CAPIF Register - INFO - Saving uuid in config.json
2024-08-21 12:23:23,333 - CAPIF Register - INFO - Data saved
2024-08-21 12:23:23,334 - CAPIF Register - INFO - 4f14958d-0143-50e8-b63c-359ec3ec595f
